<?xml version="1.0" encoding="UTF-8"?>
<testng-results skipped="0" failed="0" ignored="0" total="1" passed="1">
  <reporter-output>
  </reporter-output>
  <suite name="Default suite" duration-ms="28819" started-at="2019-02-21T12:34:25Z" finished-at="2019-02-21T12:34:54Z">
    <groups>
    </groups>
    <test name="Default test" duration-ms="28819" started-at="2019-02-21T12:34:25Z" finished-at="2019-02-21T12:34:54Z">
      <class name="excelData.Javascript">
        <test-method status="PASS" signature="test()[pri:0, instance:excelData.Javascript@3159c4b8]" name="test" duration-ms="28500" started-at="2019-02-21T18:04:25Z" finished-at="2019-02-21T18:04:54Z">
          <reporter-output>
          </reporter-output>
        </test-method> <!-- test -->
      </class> <!-- excelData.Javascript -->
    </test> <!-- Default test -->
  </suite> <!-- Default suite -->
</testng-results>
