<?xml version="1.0" encoding="UTF-8"?>
<testng-results skipped="0" failed="0" ignored="0" total="1" passed="1">
  <reporter-output>
  </reporter-output>
  <suite name="Surefire suite" duration-ms="253" started-at="2018-09-26T06:41:05Z" finished-at="2018-09-26T06:41:05Z">
    <groups>
    </groups>
    <test name="Surefire test" duration-ms="253" started-at="2018-09-26T06:41:05Z" finished-at="2018-09-26T06:41:05Z">
      <class name="Test.DataDrivenFromExc.AppTest">
        <test-method status="PASS" signature="testApp()[pri:0, instance:testApp(Test.DataDrivenFromExc.AppTest)]" name="testApp" duration-ms="32" started-at="2018-09-26T12:11:05Z" finished-at="2018-09-26T12:11:05Z">
          <reporter-output>
          </reporter-output>
        </test-method> <!-- testApp -->
      </class> <!-- Test.DataDrivenFromExc.AppTest -->
    </test> <!-- Surefire test -->
  </suite> <!-- Surefire suite -->
</testng-results>
