<?xml version="1.0" encoding="UTF-8"?>
<!-- Generated by org.testng.reporters.JUnitXMLReporter -->
<testsuite hostname="manjit-Vostro-1015" ignored="2" name="Default test" tests="1" failures="0" timestamp="19 Feb 2019 04:38:39 GMT" time="21.291" errors="0">
  <testcase name="test2" time="21.166" classname="Revision.Selectlab1"/>
  <testcase name="test3" time="0.0" classname="Revision.Selectlab1">
    <ignored/>
  </testcase> <!-- test3 -->
  <testcase name="test1" time="0.0" classname="Revision.Selectlab1">
    <ignored/>
  </testcase> <!-- test1 -->
</testsuite> <!-- Default test -->
